<?xml version="1.0" encoding="UTF-8"?>
<!-- Generated by org.testng.reporters.JUnitXMLReporter -->
<testsuite ignored="0" hostname="DESKTOP-E8T84JG" failures="0" tests="4" name="Default test" time="10.343" errors="0" timestamp="2025-02-12T21:35:18 IST">
  <testcase classname="api.test.UserTests" name="testPostUser" time="5.093"/>
  <testcase classname="api.test.UserTests" name="testUpdateByUser" time="1.588"/>
  <testcase classname="api.test.UserTests" name="testGetUser" time="1.515"/>
  <testcase classname="api.test.UserTests" name="testDeleteUser" time="1.613"/>
</testsuite> <!-- Default test -->
