<?xml version="1.0" encoding="UTF-8"?>
<testng-results ignored="0" total="4" passed="4" failed="0" skipped="0">
  <reporter-output>
  </reporter-output>
  <suite started-at="2025-02-12T21:35:07 IST" name="Default suite" finished-at="2025-02-12T21:35:18 IST" duration-ms="10343">
    <groups>
    </groups>
    <test started-at="2025-02-12T21:35:07 IST" name="Default test" finished-at="2025-02-12T21:35:18 IST" duration-ms="10343">
      <class name="api.test.UserTests">
        <test-method is-config="true" signature="setupData()[pri:0, instance:api.test.UserTests@62379589]" started-at="2025-02-12T21:35:07 IST" name="setupData" finished-at="2025-02-12T21:35:08 IST" duration-ms="385" status="PASS">
          <reporter-output>
          </reporter-output>
        </test-method> <!-- setupData -->
        <test-method signature="testPostUser()[pri:1, instance:api.test.UserTests@62379589]" started-at="2025-02-12T21:35:08 IST" name="testPostUser" finished-at="2025-02-12T21:35:13 IST" duration-ms="5093" status="PASS">
          <reporter-output>
          </reporter-output>
        </test-method> <!-- testPostUser -->
        <test-method signature="testUpdateByUser()[pri:2, instance:api.test.UserTests@62379589]" started-at="2025-02-12T21:35:13 IST" name="testUpdateByUser" finished-at="2025-02-12T21:35:15 IST" duration-ms="1588" status="PASS">
          <reporter-output>
          </reporter-output>
        </test-method> <!-- testUpdateByUser -->
        <test-method signature="testGetUser()[pri:3, instance:api.test.UserTests@62379589]" started-at="2025-02-12T21:35:15 IST" name="testGetUser" finished-at="2025-02-12T21:35:16 IST" duration-ms="1515" status="PASS">
          <reporter-output>
          </reporter-output>
        </test-method> <!-- testGetUser -->
        <test-method signature="testDeleteUser()[pri:4, instance:api.test.UserTests@62379589]" started-at="2025-02-12T21:35:16 IST" name="testDeleteUser" finished-at="2025-02-12T21:35:18 IST" duration-ms="1613" status="PASS">
          <reporter-output>
          </reporter-output>
        </test-method> <!-- testDeleteUser -->
      </class> <!-- api.test.UserTests -->
    </test> <!-- Default test -->
  </suite> <!-- Default suite -->
</testng-results>
